{
  "shipped_path": "/v1/responses + wrap(run_conduct) — no direct run_conduct for hard/verify",
  "free_form_off": true,
  "greeting_calls": 1,
  "greeting_blank": false,
  "hard_http_status": 200,
  "hard_blank": false,
  "hard_strategy_id_seen": "search_reason_answer",
  "hard_steps": [
    {
      "tool": "search",
      "slot": "search-1",
      "access": "none"
    },
    {
      "tool": "enhance_reasoning",
      "slot": "reasoner-1",
      "access": "prev"
    },
    {
      "tool": "answer",
      "slot": "answer-1",
      "access": "all"
    },
    {
      "tool": "grounding",
      "ok": true,
      "fail_tags": []
    },
    {
      "tool": "verify_skip",
      "reason": "grounding_ok"
    }
  ],
  "hard_calls": 3,
  "hard_kind": "strategy",
  "hard_call_cap_violations": 0,
  "hard_answer_preview": "[mock:answer-1] processed: al answer with explicit trade-off table.\nProblem: Design a multi-step research plan for distributed systems CAP tradeoffs including s",
  "verify_http_status": 200,
  "verify_blank": false,
  "verify_strategy_id_seen": "high_risk_verify",
  "verify_force_verify": true,
  "verify_replans": 0,
  "verify_steps": [
    {
      "tool": "search",
      "slot": "search-1",
      "access": "none"
    },
    {
      "tool": "answer",
      "slot": "answer-1",
      "access": "all"
    },
    {
      "tool": "grounding",
      "ok": true,
      "fail_tags": [
        "high_risk_query"
      ]
    },
    {
      "tool": "verify",
      "slot": "reasoner-2",
      "notes_preview": "unsupported: none critical"
    }
  ],
  "verify_call_cap_violations": 0
}