profile progress: START profile=graph-draft rule=adapter_capability_rehome_case timeout=900.0s heartbeat=60.0s
profile progress: DONE profile=graph-draft rule=adapter_capability_rehome_case elapsed=0.0s
profile progress: START profile=graph-draft rule=adapter_gate_shape_union_case timeout=900.0s heartbeat=60.0s
profile progress: DONE profile=graph-draft rule=adapter_gate_shape_union_case elapsed=0.0s
profile progress: START profile=graph-draft rule=adapter_model_selection_case timeout=900.0s heartbeat=60.0s
profile progress: DONE profile=graph-draft rule=adapter_model_selection_case elapsed=0.0s
profile progress: START profile=graph-draft rule=adapter_model_selection_rejects timeout=900.0s heartbeat=60.0s
profile progress: DONE profile=graph-draft rule=adapter_model_selection_rejects elapsed=0.0s
profile progress: START profile=graph-draft rule=agent_candidate_packet_case timeout=900.0s heartbeat=60.0s
profile progress: DONE profile=graph-draft rule=agent_candidate_packet_case elapsed=0.0s
profile progress: START profile=graph-draft rule=agent_preferred_adapter_rejects timeout=900.0s heartbeat=60.0s
profile progress: DONE profile=graph-draft rule=agent_preferred_adapter_rejects elapsed=0.0s
profile progress: START profile=graph-draft rule=agent_resource_boundary timeout=900.0s heartbeat=60.0s
profile progress: DONE profile=graph-draft rule=agent_resource_boundary elapsed=0.0s
profile progress: START profile=graph-draft rule=agent_resource_retired_ref_rejects timeout=900.0s heartbeat=60.0s
profile progress: DONE profile=graph-draft rule=agent_resource_retired_ref_rejects elapsed=0.0s
profile progress: START profile=graph-draft rule=auto_repair_replay_case timeout=900.0s heartbeat=60.0s
profile progress: DONE profile=graph-draft rule=auto_repair_replay_case elapsed=0.0s
profile progress: START profile=graph-draft rule=building_intake_seam_case timeout=900.0s heartbeat=60.0s
profile progress: DONE profile=graph-draft rule=building_intake_seam_case elapsed=0.0s
profile progress: START profile=graph-draft rule=building_lifecycle_case timeout=900.0s heartbeat=60.0s
profile progress: DONE profile=graph-draft rule=building_lifecycle_case elapsed=0.0s
profile progress: START profile=graph-draft rule=building_lifecycle_rejects timeout=900.0s heartbeat=60.0s
profile progress: DONE profile=graph-draft rule=building_lifecycle_rejects elapsed=0.0s
profile progress: START profile=graph-draft rule=building_plan_boundary timeout=900.0s heartbeat=60.0s
profile progress: DONE profile=graph-draft rule=building_plan_boundary elapsed=0.0s
profile progress: START profile=graph-draft rule=child_building_candidate_case timeout=900.0s heartbeat=60.0s
profile progress: DONE profile=graph-draft rule=child_building_candidate_case elapsed=0.0s
profile progress: START profile=graph-draft rule=compose_building_case timeout=900.0s heartbeat=60.0s
profile progress: DONE profile=graph-draft rule=compose_building_case elapsed=0.0s
profile progress: START profile=graph-draft rule=compose_building_rejects timeout=900.0s heartbeat=60.0s
profile progress: DONE profile=graph-draft rule=compose_building_rejects elapsed=0.0s
profile progress: START profile=graph-draft rule=declared_step_template_plan_case timeout=900.0s heartbeat=60.0s
profile progress: DONE profile=graph-draft rule=declared_step_template_plan_case elapsed=0.0s
profile progress: START profile=graph-draft rule=declared_step_template_plan_rejects timeout=900.0s heartbeat=60.0s
profile progress: DONE profile=graph-draft rule=declared_step_template_plan_rejects elapsed=0.0s
profile progress: START profile=graph-draft rule=fail_fixture_rejects timeout=900.0s heartbeat=60.0s
profile progress: DONE profile=graph-draft rule=fail_fixture_rejects elapsed=0.0s
profile progress: START profile=graph-draft rule=gate_sequence_policy_case timeout=900.0s heartbeat=60.0s
profile progress: DONE profile=graph-draft rule=gate_sequence_policy_case elapsed=0.0s
profile progress: START profile=graph-draft rule=gate_sequence_policy_rejects timeout=900.0s heartbeat=60.0s
profile progress: DONE profile=graph-draft rule=gate_sequence_policy_rejects elapsed=0.0s
profile progress: START profile=graph-draft rule=hook_registry_axis_case timeout=900.0s heartbeat=60.0s
profile progress: DONE profile=graph-draft rule=hook_registry_axis_case elapsed=0.0s
profile progress: START profile=graph-draft rule=intake_evidence_projection_case timeout=900.0s heartbeat=60.0s
profile progress: DONE profile=graph-draft rule=intake_evidence_projection_case elapsed=0.0s
profile progress: START profile=graph-draft rule=intake_project_vessel_case timeout=900.0s heartbeat=60.0s
profile progress: DONE profile=graph-draft rule=intake_project_vessel_case elapsed=0.0s
profile progress: START profile=graph-draft rule=json_required_paths timeout=900.0s heartbeat=60.0s
profile progress: DONE profile=graph-draft rule=json_required_paths elapsed=0.0s
profile progress: START profile=graph-draft rule=json_value_paths timeout=900.0s heartbeat=60.0s
profile progress: DONE profile=graph-draft rule=json_value_paths elapsed=0.0s
profile progress: START profile=graph-draft rule=link_route_evidence_case timeout=900.0s heartbeat=60.0s
profile progress: DONE profile=graph-draft rule=link_route_evidence_case elapsed=0.0s
profile progress: START profile=graph-draft rule=materialize_building_intent_case timeout=900.0s heartbeat=60.0s
profile progress: DONE profile=graph-draft rule=materialize_building_intent_case elapsed=0.0s
profile progress: START profile=graph-draft rule=materialize_building_intent_rejects timeout=900.0s heartbeat=60.0s
profile progress: DONE profile=graph-draft rule=materialize_building_intent_rejects elapsed=0.0s
profile progress: START profile=graph-draft rule=native_dispatch_close_case timeout=900.0s heartbeat=60.0s
profile progress: DONE profile=graph-draft rule=native_dispatch_close_case elapsed=0.0s
profile progress: START profile=graph-draft rule=onboard_seam_case timeout=900.0s heartbeat=60.0s
profile progress: DONE profile=graph-draft rule=onboard_seam_case elapsed=0.0s
profile progress: START profile=graph-draft rule=operator_correction_case timeout=900.0s heartbeat=60.0s
profile progress: DONE profile=graph-draft rule=operator_correction_case elapsed=0.0s
profile progress: START profile=graph-draft rule=path_absent timeout=900.0s heartbeat=60.0s
profile progress: DONE profile=graph-draft rule=path_absent elapsed=0.0s
profile progress: START profile=graph-draft rule=path_absent_glob timeout=900.0s heartbeat=60.0s
profile progress: DONE profile=graph-draft rule=path_absent_glob elapsed=0.0s
profile progress: START profile=graph-draft rule=path_allowlist timeout=900.0s heartbeat=60.0s
profile progress: DONE profile=graph-draft rule=path_allowlist elapsed=0.0s
profile progress: START profile=graph-draft rule=path_exists timeout=900.0s heartbeat=60.0s
profile progress: DONE profile=graph-draft rule=path_exists elapsed=0.0s
profile progress: START profile=graph-draft rule=plan_expansion_case timeout=900.0s heartbeat=60.0s
profile progress: DONE profile=graph-draft rule=plan_expansion_case elapsed=0.0s
profile progress: START profile=graph-draft rule=preset_building_completion_case timeout=900.0s heartbeat=60.0s
profile progress: DONE profile=graph-draft rule=preset_building_completion_case elapsed=0.0s
profile progress: START profile=graph-draft rule=preset_ranking_packet_case timeout=900.0s heartbeat=60.0s
profile progress: DONE profile=graph-draft rule=preset_ranking_packet_case elapsed=0.0s
profile progress: START profile=graph-draft rule=route_materialization_case timeout=900.0s heartbeat=60.0s
profile progress: DONE profile=graph-draft rule=route_materialization_case elapsed=0.0s
profile progress: START profile=graph-draft rule=route_policy_boundary timeout=900.0s heartbeat=60.0s
profile progress: DONE profile=graph-draft rule=route_policy_boundary elapsed=0.0s
profile progress: START profile=graph-draft rule=run_once_task_source_admission_case timeout=900.0s heartbeat=60.0s
profile progress: DONE profile=graph-draft rule=run_once_task_source_admission_case elapsed=0.0s
profile progress: START profile=graph-draft rule=source_fact_body_carry_case timeout=900.0s heartbeat=60.0s
profile progress: DONE profile=graph-draft rule=source_fact_body_carry_case elapsed=0.0s
profile progress: START profile=graph-draft rule=step_output_drain_case timeout=900.0s heartbeat=60.0s
profile progress: DONE profile=graph-draft rule=step_output_drain_case elapsed=0.0s
profile progress: START profile=graph-draft rule=step_output_drain_rejects timeout=900.0s heartbeat=60.0s
profile progress: DONE profile=graph-draft rule=step_output_drain_rejects elapsed=0.0s
profile progress: START profile=graph-draft rule=text_absent timeout=900.0s heartbeat=60.0s
profile progress: DONE profile=graph-draft rule=text_absent elapsed=0.0s
profile progress: START profile=graph-draft rule=text_contains timeout=900.0s heartbeat=60.0s
profile progress: DONE profile=graph-draft rule=text_contains elapsed=0.0s
profile progress: START profile=graph-draft rule=transition_concern_disposition_case timeout=900.0s heartbeat=60.0s
profile progress: DONE profile=graph-draft rule=transition_concern_disposition_case elapsed=0.0s
profile progress: START profile=graph-draft rule=wiki_carry_truncation_survival_case timeout=900.0s heartbeat=60.0s
profile progress: DONE profile=graph-draft rule=wiki_carry_truncation_survival_case elapsed=0.0s
profile progress: START profile=graph-draft rule=workflow_import_case timeout=900.0s heartbeat=60.0s
profile progress: DONE profile=graph-draft rule=workflow_import_case elapsed=0.0s
profile progress: START profile=graph-draft rule=write_scope_default_exclude_case timeout=900.0s heartbeat=60.0s
profile progress: DONE profile=graph-draft rule=write_scope_default_exclude_case elapsed=0.0s
profile progress: START profile=graph-draft rule=yaml_literal_set timeout=900.0s heartbeat=60.0s
profile progress: DONE profile=graph-draft rule=yaml_literal_set elapsed=0.0s
profile progress: START profile=graph-draft kernel_check=graph_draft_rules timeout=900.0s heartbeat=60.0s
profile progress: DONE profile=graph-draft kernel_check=graph_draft_rules elapsed=4.6s
profile passed: graph-draft (81 declarative rule observation(s), 1 kernel target(s) inspected)
- graph_draft_rules: graph_draft_rules passed: 35 probe(s)
proof limit: profile runner support evidence only; checker/profile pass does not prove source truth, success judgment, quality judgment, Movement authority, provider behavior, or complete checker consolidation.
